[debug] [2021-02-25T23:59:59.905Z] ----------------------------------------------------------------------
[debug] [2021-02-25T23:59:59.907Z] Command:       /usr/local/bin/node /Users/qwerty/.npm-global/bin/firebase init hosting
[debug] [2021-02-25T23:59:59.908Z] CLI Version:   9.5.0
[debug] [2021-02-25T23:59:59.908Z] Platform:      darwin
[debug] [2021-02-25T23:59:59.908Z] Node Version:  v14.15.4
[debug] [2021-02-25T23:59:59.909Z] Time:          Thu Feb 25 2021 18:59:59 GMT-0500 (Eastern Standard Time)
[debug] [2021-02-25T23:59:59.909Z] ----------------------------------------------------------------------
[debug] [2021-02-25T23:59:59.909Z] 
[debug] [2021-02-25T23:59:59.912Z] >>> [apiv2][query] GET https://firebase-public.firebaseio.com/cli.json [none]
[debug] [2021-02-25T23:59:59.933Z] > command requires scopes: ["email","openid","https://www.googleapis.com/auth/cloudplatformprojects.readonly","https://www.googleapis.com/auth/firebase","https://www.googleapis.com/auth/cloud-platform"]
[debug] [2021-02-25T23:59:59.933Z] > authorizing via signed-in user
[info] 
     ######## #### ########  ######## ########     ###     ######  ########
     ##        ##  ##     ## ##       ##     ##  ##   ##  ##       ##
     ######    ##  ########  ######   ########  #########  ######  ######
     ##        ##  ##    ##  ##       ##     ## ##     ##       ## ##
     ##       #### ##     ## ######## ########  ##     ##  ######  ########

You're about to initialize a Firebase project in this directory:

  /Users/qwerty/work/PruebaDofleini/configuration_example

[info] 
=== Project Setup
[info] 
[info] First, let's associate this project directory with a Firebase project.
[info] You can create multiple project aliases by running firebase use --add, 
[info] but for now we'll just set up a default project.
[info] 
[debug] [2021-02-26T00:00:18.469Z] > refreshing access token with scopes: []
[debug] [2021-02-26T00:00:18.470Z] >>> HTTP REQUEST POST https://www.googleapis.com/oauth2/v3/token  
 <request body omitted>
[debug] [2021-02-26T00:00:19.154Z] <<< HTTP RESPONSE 200 {"expires":"Mon, 01 Jan 1990 00:00:00 GMT","date":"Fri, 26 Feb 2021 00:00:19 GMT","pragma":"no-cache","cache-control":"no-cache, no-store, max-age=0, must-revalidate","content-type":"application/json; charset=utf-8","vary":"X-Origin, Referer, Origin,Accept-Encoding","server":"scaffolding on HTTPServer2","x-xss-protection":"0","x-frame-options":"SAMEORIGIN","x-content-type-options":"nosniff","alt-svc":"h3-29=\":443\"; ma=2592000,h3-T051=\":443\"; ma=2592000,h3-Q050=\":443\"; ma=2592000,h3-Q046=\":443\"; ma=2592000,h3-Q043=\":443\"; ma=2592000,quic=\":443\"; ma=2592000; v=\"46,43\"","accept-ranges":"none","transfer-encoding":"chunked"}
[debug] [2021-02-26T00:00:19.171Z] >>> [apiv2][query] GET https://firebase.googleapis.com/v1beta1/projects pageSize=100
[debug] [2021-02-26T00:00:19.540Z] Failed to make request: invalid json response body at https://firebase.googleapis.com/v1beta1/projects?pageSize=100 reason: Unexpected token < in JSON at position 0
[debug] [2021-02-26T00:00:19.541Z] FirebaseError: Failed to make request: invalid json response body at https://firebase.googleapis.com/v1beta1/projects?pageSize=100 reason: Unexpected token < in JSON at position 0
    at Client.request (/Users/qwerty/.npm-global/lib/node_modules/firebase-tools/lib/apiv2.js:109:19)
    at processTicksAndRejections (internal/process/task_queues.js:93:5)
    at async getProjectPage (/Users/qwerty/.npm-global/lib/node_modules/firebase-tools/lib/management/projects.js:232:17)
    at async getFirebaseProjectPage (/Users/qwerty/.npm-global/lib/node_modules/firebase-tools/lib/management/projects.js:249:23)
    at async selectProjectInteractively (/Users/qwerty/.npm-global/lib/node_modules/firebase-tools/lib/management/projects.js:95:41)
    at async Object.doSetup [as project] (/Users/qwerty/.npm-global/lib/node_modules/firebase-tools/lib/init/features/project.js:87:27)
    at async init (/Users/qwerty/.npm-global/lib/node_modules/firebase-tools/lib/init/index.js:19:9)
[error] 
[error] Error: Failed to list Firebase projects. See firebase-debug.log for more info.
